<?xml version="1.0" encoding="UTF-8"?>
<!-- Generated by org.testng.reporters.JUnitReportReporter -->
<testsuite hostname="A1ML09091" name="org.tests.pages.GmailAttachTest" tests="1" failures="0" timestamp="22 Dec 2015 14:28:07 GMT" time="44.449" errors="0">
  <testcase name="gmailTest" time="44.449" classname="org.tests.pages.GmailAttachTest"/>
</testsuite> <!-- org.tests.pages.GmailAttachTest -->
